# JRE version: Java(TM) SE Runtime Environment (8.0_181-b13) (build 1.8.0_181-b13)
# Java VM: Java HotSpot(TM) 64-Bit Server VM (25.181-b13 mixed mode linux-amd64 compressed oops)
Heap:
 PSYoungGen      total 376832K, used 294748K [0x000000076d100000, 0x0000000787780000, 0x00000007c0000000)
  eden space 376320K, 78% used [0x000000076d100000,0x000000077f0b7158,0x0000000784080000)
  from space 512K, 25% used [0x0000000784d00000,0x0000000784d20000,0x0000000784d80000)
  to   space 28160K, 0% used [0x0000000785c00000,0x0000000785c00000,0x0000000787780000)
 ParOldGen       total 226304K, used 59701K [0x00000006c7200000, 0x00000006d4f00000, 0x000000076d100000)
  object space 226304K, 26% used [0x00000006c7200000,0x00000006cac4d468,0x00000006d4f00000)
 Metaspace       used 89091K, capacity 95890K, committed 96128K, reserved 1132544K
  class space    used 10484K, capacity 12401K, committed 12416K, reserved 1048576K
GC Heap History (10 events):
Event: 308.537 GC heap before
{Heap before GC invocations=20 (full 3):
 PSYoungGen      total 378880K, used 355480K [0x000000076d100000, 0x0000000786780000, 0x00000007c0000000)
  eden space 353792K, 100% used [0x000000076d100000,0x0000000782a80000,0x0000000782a80000)
  from space 25088K, 6% used [0x0000000784f00000,0x00000007850a61a8,0x0000000786780000)
  to   space 31232K, 0% used [0x0000000782a80000,0x0000000782a80000,0x0000000784900000)
 ParOldGen       total 226304K, used 59693K [0x00000006c7200000, 0x00000006d4f00000, 0x000000076d100000)
  object space 226304K, 26% used [0x00000006c7200000,0x00000006cac4b468,0x00000006d4f00000)
 Metaspace       used 86664K, capacity 93382K, committed 93824K, reserved 1130496K
  class space    used 10215K, capacity 12121K, committed 12160K, reserved 1048576K
Event: 308.540 GC heap after
Heap after GC invocations=20 (full 3):
 PSYoungGen      total 385024K, used 96K [0x000000076d100000, 0x000000078a900000, 0x00000007c0000000)
  eden space 353792K, 0% used [0x000000076d100000,0x000000076d100000,0x0000000782a80000)
  from space 31232K, 0% used [0x0000000782a80000,0x0000000782a98000,0x0000000784900000)
  to   space 31232K, 0% used [0x0000000788a80000,0x0000000788a80000,0x000000078a900000)
 ParOldGen       total 226304K, used 59701K [0x00000006c7200000, 0x00000006d4f00000, 0x000000076d100000)
  object space 226304K, 26% used [0x00000006c7200000,0x00000006cac4d468,0x00000006d4f00000)
 Metaspace       used 86664K, capacity 93382K, committed 93824K, reserved 1130496K
  class space    used 10215K, capacity 12121K, committed 12160K, reserved 1048576K
}
Event: 309.072 GC heap before
{Heap before GC invocations=21 (full 3):
 PSYoungGen      total 385024K, used 353888K [0x000000076d100000, 0x000000078a900000, 0x00000007c0000000)
  eden space 353792K, 100% used [0x000000076d100000,0x0000000782a80000,0x0000000782a80000)
  from space 31232K, 0% used [0x0000000782a80000,0x0000000782a98000,0x0000000784900000)
  to   space 31232K, 0% used [0x0000000788a80000,0x0000000788a80000,0x000000078a900000)
 ParOldGen       total 226304K, used 59701K [0x00000006c7200000, 0x00000006d4f00000, 0x000000076d100000)
  object space 226304K, 26% used [0x00000006c7200000,0x00000006cac4d468,0x00000006d4f00000)
 Metaspace       used 86664K, capacity 93382K, committed 93824K, reserved 1130496K
  class space    used 10215K, capacity 12121K, committed 12160K, reserved 1048576K
Event: 309.075 GC heap after
Heap after GC invocations=21 (full 3):
 PSYoungGen      total 442880K, used 1568K [0x000000076d100000, 0x000000078a400000, 0x00000007c0000000)
  eden space 416768K, 0% used [0x000000076d100000,0x000000076d100000,0x0000000786800000)
  from space 26112K, 6% used [0x0000000788a80000,0x0000000788c08000,0x000000078a400000)
  to   space 30720K, 0% used [0x0000000786800000,0x0000000786800000,0x0000000788600000)
 ParOldGen       total 226304K, used 59701K [0x00000006c7200000, 0x00000006d4f00000, 0x000000076d100000)
  object space 226304K, 26% used [0x00000006c7200000,0x00000006cac4d468,0x00000006d4f00000)
 Metaspace       used 86664K, capacity 93382K, committed 93824K, reserved 1130496K
  class space    used 10215K, capacity 12121K, committed 12160K, reserved 1048576K
}
Event: 309.709 GC heap before
{Heap before GC invocations=22 (full 3):
 PSYoungGen      total 442880K, used 418336K [0x000000076d100000, 0x000000078a400000, 0x00000007c0000000)
  eden space 416768K, 100% used [0x000000076d100000,0x0000000786800000,0x0000000786800000)
  from space 26112K, 6% used [0x0000000788a80000,0x0000000788c08000,0x000000078a400000)
  to   space 30720K, 0% used [0x0000000786800000,0x0000000786800000,0x0000000788600000)
 ParOldGen       total 226304K, used 59701K [0x00000006c7200000, 0x00000006d4f00000, 0x000000076d100000)
  object space 226304K, 26% used [0x00000006c7200000,0x00000006cac4d468,0x00000006d4f00000)
 Metaspace       used 86665K, capacity 93382K, committed 93824K, reserved 1130496K
  class space    used 10215K, capacity 12121K, committed 12160K, reserved 1048576K
Event: 309.711 GC heap after
Heap after GC invocations=22 (full 3):
 PSYoungGen      total 403968K, used 1248K [0x000000076d100000, 0x0000000789400000, 0x00000007c0000000)
  eden space 402432K, 0% used [0x000000076d100000,0x000000076d100000,0x0000000785a00000)
  from space 1536K, 81% used [0x0000000786800000,0x0000000786938000,0x0000000786980000)
  to   space 29696K, 0% used [0x0000000787700000,0x0000000787700000,0x0000000789400000)
 ParOldGen       total 226304K, used 59701K [0x00000006c7200000, 0x00000006d4f00000, 0x000000076d100000)
  object space 226304K, 26% used [0x00000006c7200000,0x00000006cac4d468,0x00000006d4f00000)
 Metaspace       used 86665K, capacity 93382K, committed 93824K, reserved 1130496K
  class space    used 10215K, capacity 12121K, committed 12160K, reserved 1048576K
}
Event: 310.321 GC heap before
{Heap before GC invocations=23 (full 3):
 PSYoungGen      total 403968K, used 403680K [0x000000076d100000, 0x0000000789400000, 0x00000007c0000000)
  eden space 402432K, 100% used [0x000000076d100000,0x0000000785a00000,0x0000000785a00000)
  from space 1536K, 81% used [0x0000000786800000,0x0000000786938000,0x0000000786980000)
  to   space 29696K, 0% used [0x0000000787700000,0x0000000787700000,0x0000000789400000)
 ParOldGen       total 226304K, used 59701K [0x00000006c7200000, 0x00000006d4f00000, 0x000000076d100000)
  object space 226304K, 26% used [0x00000006c7200000,0x00000006cac4d468,0x00000006d4f00000)
 Metaspace       used 86668K, capacity 93382K, committed 93824K, reserved 1130496K
  class space    used 10215K, capacity 12121K, committed 12160K, reserved 1048576K
Event: 310.324 GC heap after
Heap after GC invocations=23 (full 3):
 PSYoungGen      total 403456K, used 1312K [0x000000076d100000, 0x0000000788500000, 0x00000007c0000000)
  eden space 389120K, 0% used [0x000000076d100000,0x000000076d100000,0x0000000784d00000)
  from space 14336K, 9% used [0x0000000787700000,0x0000000787848000,0x0000000788500000)
  to   space 28672K, 0% used [0x0000000784d00000,0x0000000784d00000,0x0000000786900000)
 ParOldGen       total 226304K, used 59701K [0x00000006c7200000, 0x00000006d4f00000, 0x000000076d100000)
  object space 226304K, 26% used [0x00000006c7200000,0x00000006cac4d468,0x00000006d4f00000)
 Metaspace       used 86668K, capacity 93382K, committed 93824K, reserved 1130496K
  class space    used 10215K, capacity 12121K, committed 12160K, reserved 1048576K
}
Event: 310.900 GC heap before
{Heap before GC invocations=24 (full 3):
 PSYoungGen      total 403456K, used 390432K [0x000000076d100000, 0x0000000788500000, 0x00000007c0000000)
  eden space 389120K, 100% used [0x000000076d100000,0x0000000784d00000,0x0000000784d00000)
  from space 14336K, 9% used [0x0000000787700000,0x0000000787848000,0x0000000788500000)
  to   space 28672K, 0% used [0x0000000784d00000,0x0000000784d00000,0x0000000786900000)
 ParOldGen       total 226304K, used 59701K [0x00000006c7200000, 0x00000006d4f00000, 0x000000076d100000)
  object space 226304K, 26% used [0x00000006c7200000,0x00000006cac4d468,0x00000006d4f00000)
 Metaspace       used 86668K, capacity 93382K, committed 93824K, reserved 1130496K
  class space    used 10215K, capacity 12121K, committed 12160K, reserved 1048576K
Event: 310.903 GC heap after
Heap after GC invocations=24 (full 3):
 PSYoungGen      total 376832K, used 128K [0x000000076d100000, 0x0000000787780000, 0x00000007c0000000)
  eden space 376320K, 0% used [0x000000076d100000,0x000000076d100000,0x0000000784080000)
  from space 512K, 25% used [0x0000000784d00000,0x0000000784d20000,0x0000000784d80000)
  to   space 28160K, 0% used [0x0000000785c00000,0x0000000785c00000,0x0000000787780000)
 ParOldGen       total 226304K, used 59701K [0x00000006c7200000, 0x00000006d4f00000, 0x000000076d100000)
  object space 226304K, 26% used [0x00000006c7200000,0x00000006cac4d468,0x00000006d4f00000)
 Metaspace       used 86668K, capacity 93382K, committed 93824K, reserved 1130496K
  class space    used 10215K, capacity 12121K, committed 12160K, reserved 1048576K
}

