# JRE version: Java(TM) SE Runtime Environment (8.0_181-b13) (build 1.8.0_181-b13)
# Java VM: Java HotSpot(TM) 64-Bit Server VM (25.181-b13 mixed mode linux-amd64 compressed oops)
Heap:
 garbage-first heap   total 651264K, used 362873K [0x00000000c0000000, 0x00000000c01013e0, 0x0000000100000000)
  region size 1024K, 85 young (87040K), 8 survivors (8192K)
 Metaspace       used 127671K, capacity 138776K, committed 139136K, reserved 1169408K
  class space    used 15177K, capacity 18522K, committed 18560K, reserved 1048576K
GC Heap History (10 events):
Event: 465.978 GC heap before
{Heap before GC invocations=85 (full 0):
 garbage-first heap   total 651264K, used 561724K [0x00000000c0000000, 0x00000000c01013e0, 0x0000000100000000)
  region size 1024K, 292 young (299008K), 17 survivors (17408K)
 Metaspace       used 124771K, capacity 135668K, committed 135936K, reserved 1167360K
  class space    used 14792K, capacity 18126K, committed 18176K, reserved 1048576K
Event: 466.019 GC heap after
Heap after GC invocations=86 (full 0):
 garbage-first heap   total 651264K, used 283708K [0x00000000c0000000, 0x00000000c01013e0, 0x0000000100000000)
  region size 1024K, 21 young (21504K), 21 survivors (21504K)
 Metaspace       used 124771K, capacity 135668K, committed 135936K, reserved 1167360K
  class space    used 14792K, capacity 18126K, committed 18176K, reserved 1048576K
}
Event: 467.203 GC heap before
{Heap before GC invocations=86 (full 0):
 garbage-first heap   total 651264K, used 562236K [0x00000000c0000000, 0x00000000c01013e0, 0x0000000100000000)
  region size 1024K, 293 young (300032K), 21 survivors (21504K)
 Metaspace       used 124806K, capacity 135668K, committed 135936K, reserved 1167360K
  class space    used 14792K, capacity 18126K, committed 18176K, reserved 1048576K
Event: 467.242 GC heap after
Heap after GC invocations=87 (full 0):
 garbage-first heap   total 651264K, used 279612K [0x00000000c0000000, 0x00000000c01013e0, 0x0000000100000000)
  region size 1024K, 17 young (17408K), 17 survivors (17408K)
 Metaspace       used 124806K, capacity 135668K, committed 135936K, reserved 1167360K
  class space    used 14792K, capacity 18126K, committed 18176K, reserved 1048576K
}
Event: 468.488 GC heap before
{Heap before GC invocations=87 (full 0):
 garbage-first heap   total 651264K, used 566332K [0x00000000c0000000, 0x00000000c01013e0, 0x0000000100000000)
  region size 1024K, 297 young (304128K), 17 survivors (17408K)
 Metaspace       used 124820K, capacity 135668K, committed 135936K, reserved 1167360K
  class space    used 14792K, capacity 18126K, committed 18176K, reserved 1048576K
Event: 468.507 GC heap after
Heap after GC invocations=88 (full 0):
 garbage-first heap   total 651264K, used 281148K [0x00000000c0000000, 0x00000000c01013e0, 0x0000000100000000)
  region size 1024K, 18 young (18432K), 18 survivors (18432K)
 Metaspace       used 124820K, capacity 135668K, committed 135936K, reserved 1167360K
  class space    used 14792K, capacity 18126K, committed 18176K, reserved 1048576K
}
Event: 469.620 GC heap before
{Heap before GC invocations=88 (full 0):
 garbage-first heap   total 651264K, used 565820K [0x00000000c0000000, 0x00000000c01013e0, 0x0000000100000000)
  region size 1024K, 296 young (303104K), 18 survivors (18432K)
 Metaspace       used 124834K, capacity 135668K, committed 135936K, reserved 1167360K
  class space    used 14792K, capacity 18126K, committed 18176K, reserved 1048576K
Event: 469.639 GC heap after
Heap after GC invocations=89 (full 0):
 garbage-first heap   total 651264K, used 283708K [0x00000000c0000000, 0x00000000c01013e0, 0x0000000100000000)
  region size 1024K, 21 young (21504K), 21 survivors (21504K)
 Metaspace       used 124834K, capacity 135668K, committed 135936K, reserved 1167360K
  class space    used 14792K, capacity 18126K, committed 18176K, reserved 1048576K
}
Event: 758.939 GC heap before
{Heap before GC invocations=89 (full 0):
 garbage-first heap   total 651264K, used 562236K [0x00000000c0000000, 0x00000000c01013e0, 0x0000000100000000)
  region size 1024K, 293 young (300032K), 21 survivors (21504K)
 Metaspace       used 126881K, capacity 137920K, committed 138368K, reserved 1169408K
  class space    used 15077K, capacity 18435K, committed 18560K, reserved 1048576K
Event: 758.973 GC heap after
Heap after GC invocations=90 (full 0):
 garbage-first heap   total 651264K, used 285049K [0x00000000c0000000, 0x00000000c01013e0, 0x0000000100000000)
  region size 1024K, 8 young (8192K), 8 survivors (8192K)
 Metaspace       used 126881K, capacity 137920K, committed 138368K, reserved 1169408K
  class space    used 15077K, capacity 18435K, committed 18560K, reserved 1048576K
}

